<?xml version="1.0" encoding="UTF-8"?>
<!-- Generated by org.testng.reporters.JUnitReportReporter -->
<testsuite skipped="0" hostname="LAPTOP-VE0NVF3H" name="com.elaachiV2.testCases.TC_LoginTest_001" tests="1" failures="0" timestamp="30 Mar 2021 08:41:41 GMT" time="10.498" errors="0">
  <testcase name="LoginTest" time="10.498" classname="com.elaachiV2.testCases.TC_LoginTest_001"/>
</testsuite> <!-- com.elaachiV2.testCases.TC_LoginTest_001 -->
