<?xml version="1.0" encoding="UTF-8"?>
<!-- Generated by org.testng.reporters.JUnitReportReporter -->
<testsuite skipped="0" hostname="LAPTOP-VE0NVF3H" name="com.elaachiV2.testCases.TC_LoginTest_001" tests="1" failures="0" timestamp="03 Apr 2021 08:09:52 GMT" time="11.380" errors="0">
  <testcase name="LoginTest" time="11.380" classname="com.elaachiV2.testCases.TC_LoginTest_001"/>
</testsuite> <!-- com.elaachiV2.testCases.TC_LoginTest_001 -->
